<?xml version="1.0"?>
<!DOCTYPE coverage SYSTEM "http://cobertura.sourceforge.net/xml/coverage-04.dtd">

<coverage line-rate="0.5402298850574713" branch-rate="0.29545454545454547" lines-covered="47" lines-valid="87" branches-covered="13" branches-valid="44" complexity="2.0714285714285716" version="2.1.1" timestamp="1607005265712">
	<sources>
		<source>--source</source>
		<source>C:/Windows/System32/config/systemprofile/AppData/Local/Jenkins/.jenkins/workspace/Clean code/6.Clean_code/src/main/java</source>
	</sources>
	<packages>
		<package name="enumerations" line-rate="1.0" branch-rate="1.0" complexity="0.0">
			<classes>
				<class name="enumerations.ClassificationLevel" filename="enumerations/ClassificationLevel.java" line-rate="1.0" branch-rate="1.0" complexity="0.0">
					<methods>
						<method name="&lt;clinit&gt;" signature="()V" line-rate="1.0" branch-rate="1.0" complexity="0">
							<lines>
								<line number="3" hits="40" branch="false"/>
							</lines>
						</method>
						<method name="&lt;init&gt;" signature="(Ljava/lang/String;I)V" line-rate="1.0" branch-rate="1.0" complexity="0">
							<lines>
							</lines>
						</method>
						<method name="valueOf" signature="(Ljava/lang/String;)Lenumerations/ClassificationLevel;" line-rate="1.0" branch-rate="1.0" complexity="0">
							<lines>
							</lines>
						</method>
						<method name="values" signature="()[Lenumerations/ClassificationLevel;" line-rate="1.0" branch-rate="1.0" complexity="0">
							<lines>
							</lines>
						</method>
					</methods>
					<lines>
						<line number="3" hits="40" branch="false"/>
					</lines>
				</class>
				<class name="enumerations.ExperimentalType" filename="enumerations/ExperimentalType.java" line-rate="1.0" branch-rate="1.0" complexity="0.0">
					<methods>
						<method name="&lt;clinit&gt;" signature="()V" line-rate="1.0" branch-rate="1.0" complexity="0">
							<lines>
								<line number="3" hits="40" branch="false"/>
							</lines>
						</method>
						<method name="&lt;init&gt;" signature="(Ljava/lang/String;I)V" line-rate="1.0" branch-rate="1.0" complexity="0">
							<lines>
							</lines>
						</method>
						<method name="valueOf" signature="(Ljava/lang/String;)Lenumerations/ExperimentalType;" line-rate="1.0" branch-rate="1.0" complexity="0">
							<lines>
							</lines>
						</method>
						<method name="values" signature="()[Lenumerations/ExperimentalType;" line-rate="1.0" branch-rate="1.0" complexity="0">
							<lines>
							</lines>
						</method>
					</methods>
					<lines>
						<line number="3" hits="40" branch="false"/>
					</lines>
				</class>
				<class name="enumerations.MilitaryType" filename="enumerations/MilitaryType.java" line-rate="1.0" branch-rate="1.0" complexity="0.0">
					<methods>
						<method name="&lt;clinit&gt;" signature="()V" line-rate="1.0" branch-rate="1.0" complexity="0">
							<lines>
								<line number="3" hits="32" branch="false"/>
							</lines>
						</method>
						<method name="&lt;init&gt;" signature="(Ljava/lang/String;I)V" line-rate="1.0" branch-rate="1.0" complexity="0">
							<lines>
							</lines>
						</method>
						<method name="valueOf" signature="(Ljava/lang/String;)Lenumerations/MilitaryType;" line-rate="1.0" branch-rate="1.0" complexity="0">
							<lines>
							</lines>
						</method>
						<method name="values" signature="()[Lenumerations/MilitaryType;" line-rate="1.0" branch-rate="1.0" complexity="0">
							<lines>
							</lines>
						</method>
					</methods>
					<lines>
						<line number="3" hits="32" branch="false"/>
					</lines>
				</class>
			</classes>
		</package>
		<package name="model" line-rate="0.6666666666666666" branch-rate="0.29545454545454547" complexity="2.111111111111111">
			<classes>
				<class name="model.Airport" filename="model/Airport.java" line-rate="0.6666666666666666" branch-rate="1.0" complexity="1.0">
					<methods>
						<method name="&lt;init&gt;" signature="(Ljava/util/List;)V" line-rate="1.0" branch-rate="1.0" complexity="0">
							<lines>
								<line number="12" hits="8" branch="false"/>
								<line number="13" hits="8" branch="false"/>
								<line number="14" hits="8" branch="false"/>
							</lines>
						</method>
						<method name="getPlanes" signature="()Ljava/util/List;" line-rate="1.0" branch-rate="1.0" complexity="0">
							<lines>
								<line number="17" hits="56" branch="false"/>
							</lines>
						</method>
						<method name="toString" signature="()Ljava/lang/String;" line-rate="0.0" branch-rate="1.0" complexity="0">
							<lines>
								<line number="22" hits="0" branch="false"/>
								<line number="23" hits="0" branch="false"/>
							</lines>
						</method>
					</methods>
					<lines>
						<line number="12" hits="8" branch="false"/>
						<line number="13" hits="8" branch="false"/>
						<line number="14" hits="8" branch="false"/>
						<line number="17" hits="56" branch="false"/>
						<line number="22" hits="0" branch="false"/>
						<line number="23" hits="0" branch="false"/>
					</lines>
				</class>
				<class name="model.ExperimentalPlane" filename="model/ExperimentalPlane.java" line-rate="0.42105263157894735" branch-rate="0.0625" complexity="2.8333333333333335">
					<methods>
						<method name="&lt;init&gt;" signature="(Ljava/lang/String;IIILenumerations/ExperimentalType;Lenumerations/ClassificationLevel;)V" line-rate="1.0" branch-rate="1.0" complexity="0">
							<lines>
								<line number="12" hits="16" branch="false"/>
								<line number="13" hits="16" branch="false"/>
								<line number="14" hits="16" branch="false"/>
								<line number="15" hits="16" branch="false"/>
							</lines>
						</method>
						<method name="equals" signature="(Ljava/lang/Object;)Z" line-rate="0.16666666666666666" branch-rate="0.08333333333333333" complexity="0">
							<lines>
								<line number="27" hits="32" branch="true" condition-coverage="50% (1/2)">
									<conditions>
										<condition number="0" type="jump" coverage="50%"/>
									</conditions>
								</line>
								<line number="28" hits="0" branch="true" condition-coverage="0% (0/4)">
									<conditions>
										<condition number="0" type="jump" coverage="0%"/>
										<condition number="1" type="jump" coverage="0%"/>
									</conditions>
								</line>
								<line number="29" hits="0" branch="true" condition-coverage="0% (0/2)">
									<conditions>
										<condition number="0" type="jump" coverage="0%"/>
									</conditions>
								</line>
								<line number="31" hits="0" branch="false"/>
								<line number="33" hits="0" branch="true" condition-coverage="0% (0/2)">
									<conditions>
										<condition number="0" type="jump" coverage="0%"/>
									</conditions>
								</line>
								<line number="34" hits="0" branch="true" condition-coverage="0% (0/2)">
									<conditions>
										<condition number="0" type="jump" coverage="0%"/>
									</conditions>
								</line>
							</lines>
						</method>
						<method name="getClassificationLevel" signature="()Lenumerations/ClassificationLevel;" line-rate="1.0" branch-rate="1.0" complexity="0">
							<lines>
								<line number="18" hits="16" branch="false"/>
							</lines>
						</method>
						<method name="hashCode" signature="()I" line-rate="0.0" branch-rate="0.0" complexity="0">
							<lines>
								<line number="39" hits="0" branch="false"/>
								<line number="40" hits="0" branch="true" condition-coverage="0% (0/2)">
									<conditions>
										<condition number="0" type="jump" coverage="0%"/>
									</conditions>
								</line>
								<line number="41" hits="0" branch="true" condition-coverage="0% (0/2)">
									<conditions>
										<condition number="0" type="jump" coverage="0%"/>
									</conditions>
								</line>
								<line number="42" hits="0" branch="false"/>
							</lines>
						</method>
						<method name="setClassificationLevel" signature="(Lenumerations/ClassificationLevel;)V" line-rate="0.0" branch-rate="1.0" complexity="0">
							<lines>
								<line number="22" hits="0" branch="false"/>
								<line number="23" hits="0" branch="false"/>
							</lines>
						</method>
						<method name="toString" signature="()Ljava/lang/String;" line-rate="1.0" branch-rate="1.0" complexity="0">
							<lines>
								<line number="47" hits="64" branch="false"/>
								<line number="48" hits="32" branch="false"/>
							</lines>
						</method>
					</methods>
					<lines>
						<line number="12" hits="16" branch="false"/>
						<line number="13" hits="16" branch="false"/>
						<line number="14" hits="16" branch="false"/>
						<line number="15" hits="16" branch="false"/>
						<line number="18" hits="16" branch="false"/>
						<line number="22" hits="0" branch="false"/>
						<line number="23" hits="0" branch="false"/>
						<line number="27" hits="32" branch="true" condition-coverage="50% (1/2)">
							<conditions>
								<condition number="0" type="jump" coverage="50%"/>
							</conditions>
						</line>
						<line number="28" hits="0" branch="true" condition-coverage="0% (0/4)">
							<conditions>
								<condition number="0" type="jump" coverage="0%"/>
								<condition number="1" type="jump" coverage="0%"/>
							</conditions>
						</line>
						<line number="29" hits="0" branch="true" condition-coverage="0% (0/2)">
							<conditions>
								<condition number="0" type="jump" coverage="0%"/>
							</conditions>
						</line>
						<line number="31" hits="0" branch="false"/>
						<line number="33" hits="0" branch="true" condition-coverage="0% (0/2)">
							<conditions>
								<condition number="0" type="jump" coverage="0%"/>
							</conditions>
						</line>
						<line number="34" hits="0" branch="true" condition-coverage="0% (0/2)">
							<conditions>
								<condition number="0" type="jump" coverage="0%"/>
							</conditions>
						</line>
						<line number="39" hits="0" branch="false"/>
						<line number="40" hits="0" branch="true" condition-coverage="0% (0/2)">
							<conditions>
								<condition number="0" type="jump" coverage="0%"/>
							</conditions>
						</line>
						<line number="41" hits="0" branch="true" condition-coverage="0% (0/2)">
							<conditions>
								<condition number="0" type="jump" coverage="0%"/>
							</conditions>
						</line>
						<line number="42" hits="0" branch="false"/>
						<line number="47" hits="64" branch="false"/>
						<line number="48" hits="32" branch="false"/>
					</lines>
				</class>
				<class name="model.MilitaryPlane" filename="model/MilitaryPlane.java" line-rate="0.6153846153846154" branch-rate="0.125" complexity="2.2">
					<methods>
						<method name="&lt;init&gt;" signature="(Ljava/lang/String;IIILenumerations/MilitaryType;)V" line-rate="1.0" branch-rate="1.0" complexity="0">
							<lines>
								<line number="12" hits="48" branch="false"/>
								<line number="13" hits="48" branch="false"/>
								<line number="14" hits="48" branch="false"/>
							</lines>
						</method>
						<method name="equals" signature="(Ljava/lang/Object;)Z" line-rate="0.2" branch-rate="0.125" complexity="0">
							<lines>
								<line number="31" hits="96" branch="true" condition-coverage="50% (1/2)">
									<conditions>
										<condition number="0" type="jump" coverage="50%"/>
									</conditions>
								</line>
								<line number="32" hits="0" branch="true" condition-coverage="0% (0/2)">
									<conditions>
										<condition number="0" type="jump" coverage="0%"/>
									</conditions>
								</line>
								<line number="33" hits="0" branch="true" condition-coverage="0% (0/2)">
									<conditions>
										<condition number="0" type="jump" coverage="0%"/>
									</conditions>
								</line>
								<line number="34" hits="0" branch="false"/>
								<line number="35" hits="0" branch="true" condition-coverage="0% (0/2)">
									<conditions>
										<condition number="0" type="jump" coverage="0%"/>
									</conditions>
								</line>
							</lines>
						</method>
						<method name="getType" signature="()Lenumerations/MilitaryType;" line-rate="1.0" branch-rate="1.0" complexity="0">
							<lines>
								<line number="17" hits="128" branch="false"/>
							</lines>
						</method>
						<method name="hashCode" signature="()I" line-rate="0.0" branch-rate="1.0" complexity="0">
							<lines>
								<line number="40" hits="0" branch="false"/>
							</lines>
						</method>
						<method name="toString" signature="()Ljava/lang/String;" line-rate="1.0" branch-rate="1.0" complexity="0">
							<lines>
								<line number="22" hits="192" branch="false"/>
								<line number="23" hits="96" branch="false"/>
								<line number="24" hits="96" branch="false"/>
							</lines>
						</method>
					</methods>
					<lines>
						<line number="12" hits="48" branch="false"/>
						<line number="13" hits="48" branch="false"/>
						<line number="14" hits="48" branch="false"/>
						<line number="17" hits="128" branch="false"/>
						<line number="22" hits="192" branch="false"/>
						<line number="23" hits="96" branch="false"/>
						<line number="24" hits="96" branch="false"/>
						<line number="31" hits="96" branch="true" condition-coverage="50% (1/2)">
							<conditions>
								<condition number="0" type="jump" coverage="50%"/>
							</conditions>
						</line>
						<line number="32" hits="0" branch="true" condition-coverage="0% (0/2)">
							<conditions>
								<condition number="0" type="jump" coverage="0%"/>
							</conditions>
						</line>
						<line number="33" hits="0" branch="true" condition-coverage="0% (0/2)">
							<conditions>
								<condition number="0" type="jump" coverage="0%"/>
							</conditions>
						</line>
						<line number="34" hits="0" branch="false"/>
						<line number="35" hits="0" branch="true" condition-coverage="0% (0/2)">
							<conditions>
								<condition number="0" type="jump" coverage="0%"/>
							</conditions>
						</line>
						<line number="40" hits="0" branch="false"/>
					</lines>
				</class>
				<class name="model.PassengerPlane" filename="model/PassengerPlane.java" line-rate="0.9090909090909091" branch-rate="0.625" complexity="2.2">
					<methods>
						<method name="&lt;init&gt;" signature="(Ljava/lang/String;IIII)V" line-rate="1.0" branch-rate="1.0" complexity="0">
							<lines>
								<line number="9" hits="72" branch="false"/>
								<line number="10" hits="72" branch="false"/>
								<line number="11" hits="72" branch="false"/>
							</lines>
						</method>
						<method name="equals" signature="(Ljava/lang/Object;)Z" line-rate="1.0" branch-rate="0.625" complexity="0">
							<lines>
								<line number="26" hits="144" branch="true" condition-coverage="100% (2/2)">
									<conditions>
										<condition number="0" type="jump" coverage="100%"/>
									</conditions>
								</line>
								<line number="27" hits="16" branch="true" condition-coverage="50% (1/2)">
									<conditions>
										<condition number="0" type="jump" coverage="50%"/>
									</conditions>
								</line>
								<line number="28" hits="16" branch="true" condition-coverage="50% (1/2)">
									<conditions>
										<condition number="0" type="jump" coverage="50%"/>
									</conditions>
								</line>
								<line number="29" hits="16" branch="false"/>
								<line number="30" hits="16" branch="true" condition-coverage="50% (1/2)">
									<conditions>
										<condition number="0" type="jump" coverage="50%"/>
									</conditions>
								</line>
							</lines>
						</method>
						<method name="getPassengersCapacity" signature="()I" line-rate="1.0" branch-rate="1.0" complexity="0">
							<lines>
								<line number="14" hits="128" branch="false"/>
							</lines>
						</method>
						<method name="hashCode" signature="()I" line-rate="0.0" branch-rate="1.0" complexity="0">
							<lines>
								<line number="35" hits="0" branch="false"/>
							</lines>
						</method>
						<method name="toString" signature="()Ljava/lang/String;" line-rate="1.0" branch-rate="1.0" complexity="0">
							<lines>
								<line number="19" hits="128" branch="false"/>
							</lines>
						</method>
					</methods>
					<lines>
						<line number="9" hits="72" branch="false"/>
						<line number="10" hits="72" branch="false"/>
						<line number="11" hits="72" branch="false"/>
						<line number="14" hits="128" branch="false"/>
						<line number="19" hits="128" branch="false"/>
						<line number="26" hits="144" branch="true" condition-coverage="100% (2/2)">
							<conditions>
								<condition number="0" type="jump" coverage="100%"/>
							</conditions>
						</line>
						<line number="27" hits="16" branch="true" condition-coverage="50% (1/2)">
							<conditions>
								<condition number="0" type="jump" coverage="50%"/>
							</conditions>
						</line>
						<line number="28" hits="16" branch="true" condition-coverage="50% (1/2)">
							<conditions>
								<condition number="0" type="jump" coverage="50%"/>
							</conditions>
						</line>
						<line number="29" hits="16" branch="false"/>
						<line number="30" hits="16" branch="true" condition-coverage="50% (1/2)">
							<conditions>
								<condition number="0" type="jump" coverage="50%"/>
							</conditions>
						</line>
						<line number="35" hits="0" branch="false"/>
					</lines>
				</class>
				<class name="model.Plane" filename="model/Plane.java" line-rate="0.8235294117647058" branch-rate="0.5" complexity="1.875">
					<methods>
						<method name="&lt;init&gt;" signature="(Ljava/lang/String;III)V" line-rate="1.0" branch-rate="1.0" complexity="0">
							<lines>
								<line number="12" hits="136" branch="false"/>
								<line number="13" hits="136" branch="false"/>
								<line number="14" hits="136" branch="false"/>
								<line number="15" hits="136" branch="false"/>
								<line number="16" hits="136" branch="false"/>
								<line number="17" hits="136" branch="false"/>
							</lines>
						</method>
						<method name="equals" signature="(Ljava/lang/Object;)Z" line-rate="1.0" branch-rate="0.5" complexity="0">
							<lines>
								<line number="47" hits="16" branch="true" condition-coverage="50% (1/2)">
									<conditions>
										<condition number="0" type="jump" coverage="50%"/>
									</conditions>
								</line>
								<line number="48" hits="16" branch="true" condition-coverage="50% (1/2)">
									<conditions>
										<condition number="0" type="jump" coverage="50%"/>
									</conditions>
								</line>
								<line number="49" hits="16" branch="false"/>
								<line number="50" hits="32" branch="true" condition-coverage="50% (3/6)">
									<conditions>
										<condition number="0" type="jump" coverage="50%"/>
										<condition number="1" type="jump" coverage="50%"/>
										<condition number="2" type="jump" coverage="50%"/>
									</conditions>
								</line>
								<line number="53" hits="16" branch="true" condition-coverage="50% (1/2)">
									<conditions>
										<condition number="0" type="jump" coverage="50%"/>
									</conditions>
								</line>
							</lines>
						</method>
						<method name="getMaxFlightDistance" signature="()I" line-rate="0.0" branch-rate="1.0" complexity="0">
							<lines>
								<line number="28" hits="0" branch="false"/>
							</lines>
						</method>
						<method name="getMaxLoadCapacity" signature="()I" line-rate="1.0" branch-rate="1.0" complexity="0">
							<lines>
								<line number="32" hits="960" branch="false"/>
							</lines>
						</method>
						<method name="getMaxSpeed" signature="()I" line-rate="0.0" branch-rate="1.0" complexity="0">
							<lines>
								<line number="24" hits="0" branch="false"/>
							</lines>
						</method>
						<method name="getModel" signature="()Ljava/lang/String;" line-rate="1.0" branch-rate="1.0" complexity="0">
							<lines>
								<line number="20" hits="32" branch="false"/>
							</lines>
						</method>
						<method name="hashCode" signature="()I" line-rate="0.0" branch-rate="1.0" complexity="0">
							<lines>
								<line number="58" hits="0" branch="false"/>
							</lines>
						</method>
						<method name="toString" signature="()Ljava/lang/String;" line-rate="1.0" branch-rate="1.0" complexity="0">
							<lines>
								<line number="37" hits="224" branch="false"/>
							</lines>
						</method>
					</methods>
					<lines>
						<line number="12" hits="136" branch="false"/>
						<line number="13" hits="136" branch="false"/>
						<line number="14" hits="136" branch="false"/>
						<line number="15" hits="136" branch="false"/>
						<line number="16" hits="136" branch="false"/>
						<line number="17" hits="136" branch="false"/>
						<line number="20" hits="32" branch="false"/>
						<line number="24" hits="0" branch="false"/>
						<line number="28" hits="0" branch="false"/>
						<line number="32" hits="960" branch="false"/>
						<line number="37" hits="224" branch="false"/>
						<line number="47" hits="16" branch="true" condition-coverage="50% (1/2)">
							<conditions>
								<condition number="0" type="jump" coverage="50%"/>
							</conditions>
						</line>
						<line number="48" hits="16" branch="true" condition-coverage="50% (1/2)">
							<conditions>
								<condition number="0" type="jump" coverage="50%"/>
							</conditions>
						</line>
						<line number="49" hits="16" branch="false"/>
						<line number="50" hits="32" branch="true" condition-coverage="50% (3/6)">
							<conditions>
								<condition number="0" type="jump" coverage="50%"/>
								<condition number="1" type="jump" coverage="50%"/>
								<condition number="2" type="jump" coverage="50%"/>
							</conditions>
						</line>
						<line number="53" hits="16" branch="true" condition-coverage="50% (1/2)">
							<conditions>
								<condition number="0" type="jump" coverage="50%"/>
							</conditions>
						</line>
						<line number="58" hits="0" branch="false"/>
					</lines>
				</class>
			</classes>
		</package>
		<package name="runner" line-rate="0.0" branch-rate="1.0" complexity="1.0">
			<classes>
				<class name="runner.Runner" filename="runner/Runner.java" line-rate="0.0" branch-rate="1.0" complexity="1.0">
					<methods>
						<method name="&lt;clinit&gt;" signature="()V" line-rate="0.0" branch-rate="1.0" complexity="0">
							<lines>
								<line number="17" hits="0" branch="false"/>
								<line number="33" hits="0" branch="false"/>
							</lines>
						</method>
						<method name="&lt;init&gt;" signature="()V" line-rate="0.0" branch-rate="1.0" complexity="0">
							<lines>
								<line number="13" hits="0" branch="false"/>
							</lines>
						</method>
						<method name="main" signature="([Ljava/lang/String;)V" line-rate="0.0" branch-rate="1.0" complexity="0">
							<lines>
								<line number="36" hits="0" branch="false"/>
								<line number="37" hits="0" branch="false"/>
								<line number="38" hits="0" branch="false"/>
								<line number="39" hits="0" branch="false"/>
								<line number="40" hits="0" branch="false"/>
								<line number="41" hits="0" branch="false"/>
								<line number="43" hits="0" branch="false"/>
								<line number="45" hits="0" branch="false"/>
								<line number="46" hits="0" branch="false"/>
								<line number="48" hits="0" branch="false"/>
								<line number="50" hits="0" branch="false"/>
								<line number="51" hits="0" branch="false"/>
								<line number="54" hits="0" branch="false"/>
								<line number="56" hits="0" branch="false"/>
								<line number="58" hits="0" branch="false"/>
							</lines>
						</method>
					</methods>
					<lines>
						<line number="13" hits="0" branch="false"/>
						<line number="17" hits="0" branch="false"/>
						<line number="33" hits="0" branch="false"/>
						<line number="36" hits="0" branch="false"/>
						<line number="37" hits="0" branch="false"/>
						<line number="38" hits="0" branch="false"/>
						<line number="39" hits="0" branch="false"/>
						<line number="40" hits="0" branch="false"/>
						<line number="41" hits="0" branch="false"/>
						<line number="43" hits="0" branch="false"/>
						<line number="45" hits="0" branch="false"/>
						<line number="46" hits="0" branch="false"/>
						<line number="48" hits="0" branch="false"/>
						<line number="50" hits="0" branch="false"/>
						<line number="51" hits="0" branch="false"/>
						<line number="54" hits="0" branch="false"/>
						<line number="56" hits="0" branch="false"/>
						<line number="58" hits="0" branch="false"/>
					</lines>
				</class>
			</classes>
		</package>
	</packages>
</coverage>
