Started by user [8mha:////4Bv0LtITh4irOjVbI1A4j/mw7J7cTSXyWNK2H/NSBjOIAAAAnR+LCAAAAAAAAP9b85aBtbiIQTGjNKU4P08vOT+vOD8nVc83PyU1x6OyILUoJzMv2y+/JJUBAhiZGBgqihhk0NSjKDWzXb3RdlLBUSYGJk8GtpzUvPSSDB8G5tKinBIGIZ+sxLJE/ZzEvHT94JKizLx0a6BxUmjGOUNodHsLgAzxEgZB/dLi1CL93Mzs1MyyxOKM7EQAdD1Lo8YAAAA=[0mÈâàøêî Ìèõàèë Âàäèìîâè÷
Running as SYSTEM
Building on master in workspace C:\WINDOWS\system32\config\systemprofile\AppData\Local\Jenkins\.jenkins\workspace\Clean code
The recommended git tool is: NONE
No credentials specified
 > C:\Program Files\Git\cmd\git.exe rev-parse --is-inside-work-tree # timeout=10
Fetching changes from the remote Git repository
 > C:\Program Files\Git\cmd\git.exe config remote.origin.url https://github.com/mikeivashka/EPM_TAT # timeout=10
Fetching upstream changes from https://github.com/mikeivashka/EPM_TAT
 > C:\Program Files\Git\cmd\git.exe --version # timeout=10
 > git --version # 'git version 2.29.2.windows.1'
 > C:\Program Files\Git\cmd\git.exe fetch --tags --force --progress -- https://github.com/mikeivashka/EPM_TAT +refs/heads/*:refs/remotes/origin/* # timeout=10
 > C:\Program Files\Git\cmd\git.exe rev-parse "refs/remotes/origin/master^{commit}" # timeout=10
Checking out Revision 64bb0f3cd2c6b7a1a8e2f101b40e053eb98b4430 (refs/remotes/origin/master)
 > C:\Program Files\Git\cmd\git.exe config core.sparsecheckout # timeout=10
 > C:\Program Files\Git\cmd\git.exe checkout -f 64bb0f3cd2c6b7a1a8e2f101b40e053eb98b4430 # timeout=10
Commit message: "files deleted"
 > C:\Program Files\Git\cmd\git.exe rev-list --no-walk 64bb0f3cd2c6b7a1a8e2f101b40e053eb98b4430 # timeout=10
[Clean code] $ cmd.exe /C '""C:\Program Files\Java\apache-maven-3.6.3\bin\mvn.cmd"' -f 6.Clean_code/pom.xml cobertura:cobertura && exit %%ERRORLEVEL%%"
[INFO] Scanning for projects...
[INFO] 
[INFO] ------------------< com.github.vitalliuss:aircompany >------------------
[INFO] Building aircompany 1.0-SNAPSHOT
[INFO] --------------------------------[ jar ]---------------------------------
[INFO] 
[INFO] >>> cobertura-maven-plugin:2.7:cobertura (default-cli) > [cobertura]test @ aircompany >>>
[INFO] 
[8mha:////4HSEAJsBbWgqF1gmk3RwWOpE83nEG0IluiTUZiWyLqSVAAAAYB+LCAAAAAAAAP9b85aBtbiIQSmjNKU4P0+vJLE4u1gvPjexLDVPzxdEGvvmZ+X75ZekLlOVfvTjc8FPJgaGiiIGKaiG5Py84vycVD1nCA1SyAABjCCFBQCV27OjYAAAAA==[0m[INFO] --- maven-resources-plugin:2.6:resources (default-resources) @ aircompany ---
[8mha:////4H87Z951OLc7G7r4IFtRFcGx4WLjA4ytOZehfd/klW9yAAAAYx+LCAAAAAAAAP9b85aBtbiIQSWjNKU4P0+vJLE4u1gvPjexLDVPzxdEhicW5WXmpfvll6S2fNly5fzGzauYGBgqihikoFqS8/OK83NS9ZwhNEghAwQwghQWAACwxA+XYgAAAA==[0m[WARNING] Using platform encoding (Cp1251 actually) to copy filtered resources, i.e. build is platform dependent!
[INFO] skip non existing resourceDirectory C:\Windows\System32\config\systemprofile\AppData\Local\Jenkins\.jenkins\workspace\Clean code\6.Clean_code\src\main\resources
[INFO] 
[8mha:////4HSEAJsBbWgqF1gmk3RwWOpE83nEG0IluiTUZiWyLqSVAAAAYB+LCAAAAAAAAP9b85aBtbiIQSmjNKU4P0+vJLE4u1gvPjexLDVPzxdEGvvmZ+X75ZekLlOVfvTjc8FPJgaGiiIGKaiG5Py84vycVD1nCA1SyAABjCCFBQCV27OjYAAAAA==[0m[INFO] --- maven-compiler-plugin:3.1:compile (default-compile) @ aircompany ---
[INFO] Nothing to compile - all classes are up to date
[INFO] 
[8mha:////4HSEAJsBbWgqF1gmk3RwWOpE83nEG0IluiTUZiWyLqSVAAAAYB+LCAAAAAAAAP9b85aBtbiIQSmjNKU4P0+vJLE4u1gvPjexLDVPzxdEGvvmZ+X75ZekLlOVfvTjc8FPJgaGiiIGKaiG5Py84vycVD1nCA1SyAABjCCFBQCV27OjYAAAAA==[0m[INFO] --- cobertura-maven-plugin:2.7:instrument (default-cli) @ aircompany ---
[INFO] Cobertura 2.1.1 - GNU GPL License (NO WARRANTY) - See COPYRIGHT file
[INFO] Cobertura: Loaded information on 9 classes.
[WARN] Unable to instrument file C:\Windows\System32\config\systemprofile\AppData\Local\Jenkins\.jenkins\workspace\Clean code\6.Clean_code\target\generated-classes\cobertura\service\AirportService.class
java.lang.IllegalArgumentException: INVOKESPECIAL/STATIC on interfaces require ASM 5
	at org.objectweb.asm.MethodVisitor.visitMethodInsn(Unknown Source) ~[asm-5.0.1.jar:5.0.1]
	at org.objectweb.asm.ClassReader.a(Unknown Source) ~[asm-5.0.1.jar:5.0.1]
	at org.objectweb.asm.ClassReader.b(Unknown Source) ~[asm-5.0.1.jar:5.0.1]
	at org.objectweb.asm.ClassReader.accept(Unknown Source) ~[asm-5.0.1.jar:5.0.1]
	at org.objectweb.asm.ClassReader.accept(Unknown Source) ~[asm-5.0.1.jar:5.0.1]
	at net.sourceforge.cobertura.instrument.CoberturaInstrumenter.instrumentClass(CoberturaInstrumenter.java:161) [cobertura-2.1.1.jar:2.1.1]
	at net.sourceforge.cobertura.instrument.CoberturaInstrumenter.instrumentClass(CoberturaInstrumenter.java:129) [cobertura-2.1.1.jar:2.1.1]
	at net.sourceforge.cobertura.instrument.CoberturaInstrumenter.addInstrumentationToSingleClass(CoberturaInstrumenter.java:243) [cobertura-2.1.1.jar:2.1.1]
	at net.sourceforge.cobertura.instrument.CodeInstrumentationTask.addInstrumentationToSingleClass(CodeInstrumentationTask.java:299) [cobertura-2.1.1.jar:2.1.1]
	at net.sourceforge.cobertura.instrument.CodeInstrumentationTask.addInstrumentation(CodeInstrumentationTask.java:308) [cobertura-2.1.1.jar:2.1.1]
	at net.sourceforge.cobertura.instrument.CodeInstrumentationTask.instrument(CodeInstrumentationTask.java:90) [cobertura-2.1.1.jar:2.1.1]
	at net.sourceforge.cobertura.dsl.Cobertura.instrumentCode(Cobertura.java:74) [cobertura-2.1.1.jar:2.1.1]
	at net.sourceforge.cobertura.instrument.InstrumentMain.instrument(InstrumentMain.java:82) [cobertura-2.1.1.jar:2.1.1]
	at net.sourceforge.cobertura.instrument.InstrumentMain.main(InstrumentMain.java:99) [cobertura-2.1.1.jar:2.1.1]
[INFO] Cobertura: Saved information on 9 classes.
[INFO] Cobertura: Saved information on 9 classes.

[INFO] Instrumentation was successful.
[INFO] NOT adding cobertura ser file to attached artifacts list.
[INFO] 
[8mha:////4HSEAJsBbWgqF1gmk3RwWOpE83nEG0IluiTUZiWyLqSVAAAAYB+LCAAAAAAAAP9b85aBtbiIQSmjNKU4P0+vJLE4u1gvPjexLDVPzxdEGvvmZ+X75ZekLlOVfvTjc8FPJgaGiiIGKaiG5Py84vycVD1nCA1SyAABjCCFBQCV27OjYAAAAA==[0m[INFO] --- maven-resources-plugin:2.6:testResources (default-testResources) @ aircompany ---
[8mha:////4H87Z951OLc7G7r4IFtRFcGx4WLjA4ytOZehfd/klW9yAAAAYx+LCAAAAAAAAP9b85aBtbiIQSWjNKU4P0+vJLE4u1gvPjexLDVPzxdEhicW5WXmpfvll6S2fNly5fzGzauYGBgqihikoFqS8/OK83NS9ZwhNEghAwQwghQWAACwxA+XYgAAAA==[0m[WARNING] Using platform encoding (Cp1251 actually) to copy filtered resources, i.e. build is platform dependent!
[INFO] skip non existing resourceDirectory C:\Windows\System32\config\systemprofile\AppData\Local\Jenkins\.jenkins\workspace\Clean code\6.Clean_code\src\test\resources
[INFO] 
[8mha:////4HSEAJsBbWgqF1gmk3RwWOpE83nEG0IluiTUZiWyLqSVAAAAYB+LCAAAAAAAAP9b85aBtbiIQSmjNKU4P0+vJLE4u1gvPjexLDVPzxdEGvvmZ+X75ZekLlOVfvTjc8FPJgaGiiIGKaiG5Py84vycVD1nCA1SyAABjCCFBQCV27OjYAAAAA==[0m[INFO] --- maven-compiler-plugin:3.1:testCompile (default-testCompile) @ aircompany ---
[INFO] Nothing to compile - all classes are up to date
[INFO] 
[8mha:////4HSEAJsBbWgqF1gmk3RwWOpE83nEG0IluiTUZiWyLqSVAAAAYB+LCAAAAAAAAP9b85aBtbiIQSmjNKU4P0+vJLE4u1gvPjexLDVPzxdEGvvmZ+X75ZekLlOVfvTjc8FPJgaGiiIGKaiG5Py84vycVD1nCA1SyAABjCCFBQCV27OjYAAAAA==[0m[INFO] --- maven-surefire-plugin:2.12.4:test (default-test) @ aircompany ---
[INFO] Surefire report directory: C:\Windows\System32\config\systemprofile\AppData\Local\Jenkins\.jenkins\workspace\Clean code\6.Clean_code\target\surefire-reports

-------------------------------------------------------
 T E S T S
-------------------------------------------------------
Running AirportTest
Configuring TestNG with: org.apache.maven.surefire.testng.conf.TestNG652Configurator@61064425
Tests run: 5, Failures: 0, Errors: 0, Skipped: 0, Time elapsed: 0.918 sec
[INFO] Cobertura: Loaded information on 9 classes.
[INFO] Cobertura: Saved information on 9 classes.

Results :

Tests run: 5, Failures: 0, Errors: 0, Skipped: 0

[INFO] 
[INFO] <<< cobertura-maven-plugin:2.7:cobertura (default-cli) < [cobertura]test @ aircompany <<<
[INFO] 
[INFO] 
[8mha:////4HSEAJsBbWgqF1gmk3RwWOpE83nEG0IluiTUZiWyLqSVAAAAYB+LCAAAAAAAAP9b85aBtbiIQSmjNKU4P0+vJLE4u1gvPjexLDVPzxdEGvvmZ+X75ZekLlOVfvTjc8FPJgaGiiIGKaiG5Py84vycVD1nCA1SyAABjCCFBQCV27OjYAAAAA==[0m[INFO] --- cobertura-maven-plugin:2.7:cobertura (default-cli) @ aircompany ---
[INFO] Cobertura 2.1.1 - GNU GPL License (NO WARRANTY) - See COPYRIGHT file
[INFO] Cobertura: Loaded information on 9 classes.
Report time: 183ms

[INFO] Cobertura Report generation was successful.
[INFO] ------------------------------------------------------------------------
[INFO] BUILD SUCCESS
[INFO] ------------------------------------------------------------------------
[INFO] Total time:  7.535 s
[INFO] Finished at: 2020-12-03T17:11:56+03:00
[INFO] ------------------------------------------------------------------------
[Cobertura] Publishing Cobertura coverage report...

FATAL: Unable to find coverage results
java.io.IOException: Expecting Ant GLOB pattern, but saw '/6.Clean_Code/target/site/cobertura/coverage.xml'. See http://ant.apache.org/manual/Types/fileset.html for syntax
	at hudson.FilePath.glob(FilePath.java:1968)
	at hudson.FilePath.access$3400(FilePath.java:212)
	at hudson.FilePath$ListGlob.invoke(FilePath.java:1949)
	at hudson.FilePath$ListGlob.invoke(FilePath.java:1937)
	at hudson.FilePath.act(FilePath.java:1076)
	at hudson.FilePath.act(FilePath.java:1059)
	at hudson.FilePath.list(FilePath.java:1935)
	at hudson.FilePath.list(FilePath.java:1919)
	at hudson.FilePath.list(FilePath.java:1904)
	at hudson.plugins.cobertura.CoberturaPublisher$ParseReportCallable.invoke(CoberturaPublisher.java:896)
	at hudson.plugins.cobertura.CoberturaPublisher$ParseReportCallable.invoke(CoberturaPublisher.java:885)
	at hudson.FilePath.act(FilePath.java:1076)
	at hudson.FilePath.act(FilePath.java:1059)
	at hudson.plugins.cobertura.CoberturaPublisher.perform(CoberturaPublisher.java:548)
	at jenkins.tasks.SimpleBuildStep.perform(SimpleBuildStep.java:112)
	at hudson.tasks.BuildStepCompatibilityLayer.perform(BuildStepCompatibilityLayer.java:78)
	at hudson.tasks.BuildStepMonitor$1.perform(BuildStepMonitor.java:20)
	at hudson.model.AbstractBuild$AbstractBuildExecution.perform(AbstractBuild.java:741)
	at hudson.model.AbstractBuild$AbstractBuildExecution.performAllBuildSteps(AbstractBuild.java:690)
	at hudson.model.Build$BuildExecution.post2(Build.java:186)
	at hudson.model.AbstractBuild$AbstractBuildExecution.post(AbstractBuild.java:635)
	at hudson.model.Run.execute(Run.java:1919)
	at hudson.model.FreeStyleBuild.run(FreeStyleBuild.java:43)
	at hudson.model.ResourceController.execute(ResourceController.java:97)
	at hudson.model.Executor.run(Executor.java:428)
ERROR: Step ‘Publish Cobertura Coverage Report’ failed: [Cobertura] Unable to find coverage results
Finished: FAILURE
